<?xml version="1.0" encoding="UTF-8"?>
<!-- Generated by org.testng.reporters.JUnitReportReporter -->
<testsuite hostname="VAMSIKRISHNA" failures="0" tests="1" name="Testcases.Loginapplication" time="32.731" errors="0" timestamp="2021-07-22T11:21:51 IST" skipped="0">
  <testcase classname="Testcases.Loginapplication" name="Login" time="32.731"/>
  <system-out/>
</testsuite> <!-- Testcases.Loginapplication -->
