<?xml version="1.0" encoding="UTF-8"?>
<!-- Generated by org.testng.reporters.JUnitReportReporter -->
<testsuite skipped="0" hostname="VAMSIKRISHNA" name="VamsiAutomation.MavenJava.SeleniumTest" tests="2" failures="0" timestamp="04 Aug 2021 10:32:32 GMT" time="0.010" errors="0">
  <testcase name="BrowserAutomation" time="0.010" classname="VamsiAutomation.MavenJava.SeleniumTest"/>
  <testcase name="elementsUI" time="0.000" classname="VamsiAutomation.MavenJava.SeleniumTest"/>
</testsuite> <!-- VamsiAutomation.MavenJava.SeleniumTest -->
