<?xml version="1.0" encoding="UTF-8"?>
<!-- Generated by org.testng.reporters.JUnitReportReporter -->
<testsuite skipped="0" hostname="VAMSIKRISHNA" name="VamsiAutomation.MavenJava.AppiumTest" tests="2" failures="0" timestamp="16 Jul 2021 17:15:04 GMT" time="0.021" errors="0">
  <testcase name="NativeAppAndroid" time="0.001" classname="VamsiAutomation.MavenJava.AppiumTest"/>
  <testcase name="IOSApps" time="0.020" classname="VamsiAutomation.MavenJava.AppiumTest"/>
</testsuite> <!-- VamsiAutomation.MavenJava.AppiumTest -->
