<?xml version="1.0" encoding="UTF-8"?>
<!-- Generated by org.testng.reporters.JUnitReportReporter -->
<testsuite skipped="0" hostname="VAMSIKRISHNA" name="VamsiAutomation.MavenJava.RESTAPITest" tests="2" failures="0" timestamp="04 Aug 2021 10:32:32 GMT" time="0.002" errors="0">
  <testcase name="deleteTwitter" time="0.001" classname="VamsiAutomation.MavenJava.RESTAPITest"/>
  <testcase name="postJira" time="0.001" classname="VamsiAutomation.MavenJava.RESTAPITest"/>
</testsuite> <!-- VamsiAutomation.MavenJava.RESTAPITest -->
