<?xml version="1.0" encoding="UTF-8"?>
<!-- Generated by org.testng.reporters.JUnitReportReporter -->
<testsuite hostname="VAMSIKRISHNA" failures="0" tests="2" name="VamsiAutomation.MavenJava.RESTAPITest" time="0.011" errors="0" timestamp="16 Jul 2021 17:11:21 GMT" skipped="0">
  <testcase classname="VamsiAutomation.MavenJava.RESTAPITest" name="deleteTwitter" time="0.005"/>
  <testcase classname="VamsiAutomation.MavenJava.RESTAPITest" name="postJira" time="0.006"/>
</testsuite> <!-- VamsiAutomation.MavenJava.RESTAPITest -->
