<?xml version="1.0" encoding="UTF-8"?>
<!-- Generated by org.testng.reporters.JUnitReportReporter -->
<testsuite hostname="VAMSIKRISHNA" failures="0" tests="2" name="VamsiAutomation.MavenJava.AppiumTest" time="0.020" errors="0" timestamp="2021-07-17T10:17:14 IST" skipped="0">
  <testcase classname="VamsiAutomation.MavenJava.AppiumTest" name="NativeAppAndroid" time="0.003"/>
  <system-out/>
  <testcase classname="VamsiAutomation.MavenJava.AppiumTest" name="IOSApps" time="0.017"/>
  <system-out/>
</testsuite> <!-- VamsiAutomation.MavenJava.AppiumTest -->
