<?xml version="1.0" encoding="UTF-8"?>
<!-- Generated by org.testng.reporters.JUnitReportReporter -->
<testsuite hostname="VAMSIKRISHNA" failures="0" tests="2" name="VamsiAutomation.MavenJava.SeleniumTest" time="0.033" errors="0" timestamp="16 Jul 2021 17:11:21 GMT" skipped="0">
  <testcase classname="VamsiAutomation.MavenJava.SeleniumTest" name="BrowserAutomation" time="0.026"/>
  <testcase classname="VamsiAutomation.MavenJava.SeleniumTest" name="elementsUI" time="0.007"/>
</testsuite> <!-- VamsiAutomation.MavenJava.SeleniumTest -->
