<?xml version="1.0" encoding="UTF-8"?>
<!-- Generated by org.testng.reporters.JUnitReportReporter -->
<testsuite hostname="VAMSIKRISHNA" failures="0" tests="3" name="test.day2" time="0.013" errors="0" timestamp="2021-07-11T18:32:58 IST" skipped="0">
  <testcase classname="test.day2" name="DemoTestCase1" time="0.004"/>
  <system-out/>
  <testcase classname="test.day2" name="DemoTestCase1" time="0.004"/>
  <system-out/>
  <testcase classname="test.day2" name="DemoTestCase1" time="0.005"/>
  <system-out/>
</testsuite> <!-- test.day2 -->
