<?xml version="1.0" encoding="UTF-8"?>
<!-- Generated by org.testng.reporters.JUnitReportReporter -->
<testsuite hostname="VAMSIKRISHNA" failures="0" tests="2" name="test.day1" time="0.017" errors="0" timestamp="2021-07-11T18:32:58 IST" skipped="0">
  <testcase classname="test.day1" name="DemoTestCase2" time="0.003"/>
  <system-out/>
  <testcase classname="test.day1" name="DemoTestCase1" time="0.014"/>
  <system-out/>
</testsuite> <!-- test.day1 -->
