<?xml version="1.0" encoding="UTF-8"?>
<!-- Generated by org.testng.reporters.JUnitReportReporter -->
<testsuite hostname="VAMSIKRISHNA" failures="0" tests="3" name="test.day4" time="0.012" errors="0" timestamp="2021-07-11T15:59:50 IST" skipped="0">
  <testcase classname="test.day4" name="LoginAPIHomeLoan" time="0.004"/>
  <system-out/>
  <testcase classname="test.day4" name="MobLoginHomeLoan" time="0.005"/>
  <system-out/>
  <testcase classname="test.day4" name="WebLoginHomeLoan" time="0.003"/>
  <system-out/>
</testsuite> <!-- test.day4 -->
