<?xml version="1.0" encoding="UTF-8"?>
<!-- Generated by org.testng.reporters.JUnitReportReporter -->
<testsuite hostname="VAMSIKRISHNA" failures="0" tests="1" name="streamsTest1" time="0.023" errors="0" timestamp="2021-07-16T22:08:23 IST" skipped="0">
  <testcase classname="streamsTest1" name="streamCollect" time="0.023"/>
  <system-out/>
</testsuite> <!-- streamsTest1 -->
