<?xml version="1.0" encoding="UTF-8"?>
<!-- Generated by org.testng.reporters.JUnitReportReporter -->
<testsuite hostname="VAMSIKRISHNA" failures="0" tests="1" name="VamsiAutomation.ExtentReports.ExtentReportDemo" time="40.048" errors="0" timestamp="2021-07-17T19:13:14 IST" skipped="0">
  <testcase classname="VamsiAutomation.ExtentReports.ExtentReportDemo" name="initialDemo" time="40.048"/>
  <system-out/>
</testsuite> <!-- VamsiAutomation.ExtentReports.ExtentReportDemo -->
