<?xml version="1.0" encoding="UTF-8"?>
<!-- Generated by org.testng.reporters.JUnitReportReporter -->
<testsuite hostname="VAMSIKRISHNA" failures="0" tests="1" name="Academy.E2EProject.validateNavigationBar" time="0.326" errors="0" timestamp="2021-08-05T23:41:11 IST" skipped="0">
  <testcase classname="Academy.E2EProject.validateNavigationBar" name="baseNavigationPage" time="0.326"/>
  <system-out/>
</testsuite> <!-- Academy.E2EProject.validateNavigationBar -->
